<?xml version="1.0" encoding="UTF-8"?>
<!-- Generated by org.testng.reporters.JUnitReportReporter -->
<testsuite hostname="Min" failures="0" tests="4" name="restassuredTests.WeatherForecast" time="392.297" errors="0" timestamp="10 Oct 2021 00:47:25 GMT" skipped="0">
  <testcase classname="restassuredTests.WeatherForecast" name="apiUsageCheck" time="4.182"/>
  <testcase classname="restassuredTests.WeatherForecast" name="testLog" time="1.249"/>
  <testcase classname="restassuredTests.WeatherForecast" name="testWeatherAPIStatus" time="1.162"/>
  <testcase classname="restassuredTests.WeatherForecast" name="verifyTemp" time="385.704"/>
</testsuite> <!-- restassuredTests.WeatherForecast -->
