<?xml version="1.0" encoding="UTF-8"?>
<!-- Generated by org.testng.reporters.JUnitReportReporter -->
<testsuite hostname="Min" failures="0" tests="3" name="restassuredTests.PostalOrCityName" time="6.159" errors="0" timestamp="10 Oct 2021 00:09:43 GMT" skipped="0">
  <testcase classname="restassuredTests.PostalOrCityName" name="checkCityNameInForecastWeatherAPI" time="1.223"/>
  <testcase classname="restassuredTests.PostalOrCityName" name="checkCityNameInCurrentWeatherAPI" time="3.789"/>
  <testcase classname="restassuredTests.PostalOrCityName" name="testCurrentWeatherAPIStatus" time="1.147"/>
</testsuite> <!-- restassuredTests.PostalOrCityName -->
