<?xml version="1.0" encoding="UTF-8"?>
<!-- Generated by org.testng.reporters.JUnitReportReporter -->
<testsuite hostname="Min" failures="0" tests="3" name="restassuredTests.PostalOrCityName" time="5.794" errors="0" timestamp="09 Oct 2021 06:56:30 GMT" skipped="0">
  <testcase classname="restassuredTests.PostalOrCityName" name="checkCityNameInForecastWeatherAPI" time="1.227"/>
  <testcase classname="restassuredTests.PostalOrCityName" name="checkCityNameInCurrentWeatherAPI" time="3.301"/>
  <testcase classname="restassuredTests.PostalOrCityName" name="testCurrentWeatherAPIStatus" time="1.266"/>
</testsuite> <!-- restassuredTests.PostalOrCityName -->
