<?xml version="1.0" encoding="UTF-8"?>
<!-- Generated by org.testng.reporters.JUnitReportReporter -->
<testsuite hostname="Min" failures="0" tests="4" name="restassuredTests.WeatherForecast" time="335.063" errors="0" timestamp="09 Oct 2021 07:02:29 GMT" skipped="0">
  <testcase classname="restassuredTests.WeatherForecast" name="apiUsageCheck" time="3.407"/>
  <testcase classname="restassuredTests.WeatherForecast" name="testLog" time="1.269"/>
  <testcase classname="restassuredTests.WeatherForecast" name="testWeatherAPIStatus" time="1.174"/>
  <testcase classname="restassuredTests.WeatherForecast" name="verifyTemp" time="329.213"/>
</testsuite> <!-- restassuredTests.WeatherForecast -->
